<?xml version="1.0" encoding="UTF-8"?>
<testsuite name="njb.pcms.config.CustomAuthenticationFailureHandlerTest" tests="1" skipped="0" failures="0" errors="0" timestamp="2025-12-04T00:22:40.593Z" hostname="T22010" time="0.012">
  <properties/>
  <testcase name="onAuthenticationFailure_ShouldSetSessionAttributeAndRedirect()" classname="njb.pcms.config.CustomAuthenticationFailureHandlerTest" time="0.012"/>
  <system-out><![CDATA[]]></system-out>
  <system-err><![CDATA[]]></system-err>
</testsuite>
